<?xml version="1.0" encoding="UTF-8" ?>
<testsuites name="vitest tests" tests="1461" failures="609" errors="0" time="5.072669413">
    <testsuite name="src/cli-integration.test.ts" timestamp="2025-07-06T18:54:21.299Z" hostname="Seths-MacBook-Pro.local" tests="7" failures="1" errors="0" skipped="0" time="0.009462083">
        <testcase classname="src/cli-integration.test.ts" name="CLI Integration &gt; initializeCli() &gt; should create and initialize a CLI adapter" time="0.002807959">
        </testcase>
        <testcase classname="src/cli-integration.test.ts" name="CLI Integration &gt; initializeCli() &gt; should use default model if not provided" time="0.000379292">
        </testcase>
        <testcase classname="src/cli-integration.test.ts" name="CLI Integration &gt; getDefaultStreamCallbacks() &gt; should return callbacks for streaming output" time="0.0005655">
        </testcase>
        <testcase classname="src/cli-integration.test.ts" name="CLI Integration &gt; processToolCall() &gt; should handle search tool calls" time="0.000537833">
        </testcase>
        <testcase classname="src/cli-integration.test.ts" name="CLI Integration &gt; processToolCall() &gt; should handle readFile tool calls" time="0.000272209">
        </testcase>
        <testcase classname="src/cli-integration.test.ts" name="CLI Integration &gt; processToolCall() &gt; should handle unknown tool calls" time="0.000304709">
        </testcase>
        <testcase classname="src/cli-integration.test.ts" name="CLI Integration &gt; processToolCall() &gt; should handle errors during tool execution" time="0.003108083">
            <failure message="expected &quot;spy&quot; to be called at least once" type="AssertionError">
AssertionError: expected &quot;spy&quot; to be called at least once
 ❯ src/cli-integration.test.ts:192:31
            </failure>
        </testcase>
    </testsuite>
    <testsuite name="integration-tests/config/config-integration.test.ts" timestamp="2025-07-06T18:54:21.300Z" hostname="Seths-MacBook-Pro.local" tests="1" failures="1" errors="0" skipped="0" time="0">
        <testcase classname="integration-tests/config/config-integration.test.ts" name="integration-tests/config/config-integration.test.ts" time="0">
            <failure message="Failed to resolve import &quot;../../src/config/config-with-loaded-settings.js&quot; from &quot;integration-tests/config/config-integration.test.ts&quot;. Does the file exist?" type="Error">
Error: Failed to resolve import &quot;../../src/config/config-with-loaded-settings.js&quot; from &quot;integration-tests/config/config-integration.test.ts&quot;. Does the file exist?
  Plugin: vite:import-analysis
  File: /Users/sethford/Downloads/Projects/vibex/integration-tests/config/config-integration.test.ts:17:7
  8  |    saveConfigWithLoadedSettings,
  9  |    getConfigWithScopes
  10 |  } from &quot;../../src/config/config-with-loaded-settings.js&quot;;
     |          ^
  11 |  import { SettingScope } from &quot;../../src/config/loaded-settings.js&quot;;
  12 |  function assert(condition, message) {
 ❯ TransformPluginContext._formatLog node_modules/vite/dist/node/chunks/dep-CXCa-anf.js:31420:43
 ❯ TransformPluginContext.error node_modules/vite/dist/node/chunks/dep-CXCa-anf.js:31417:14
 ❯ normalizeUrl node_modules/vite/dist/node/chunks/dep-CXCa-anf.js:29966:18
 ❯ node_modules/vite/dist/node/chunks/dep-CXCa-anf.js:30024:32
 ❯ TransformPluginContext.transform node_modules/vite/dist/node/chunks/dep-CXCa-anf.js:29992:4
 ❯ EnvironmentPluginContainer.transform node_modules/vite/dist/node/chunks/dep-CXCa-anf.js:31234:14
 ❯ loadAndTransform node_modules/vite/dist/node/chunks/dep-CXCa-anf.js:26408:26
            </failure>
        </testcase>
    </testsuite>
    <testsuite name="integration-tests/config/loaded-settings-integration.test.ts" timestamp="2025-07-06T18:54:21.300Z" hostname="Seths-MacBook-Pro.local" tests="1" failures="1" errors="0" skipped="0" time="0">
        <testcase classname="integration-tests/config/loaded-settings-integration.test.ts" name="integration-tests/config/loaded-settings-integration.test.ts" time="0">
            <failure message="Failed to resolve import &quot;../../src/config/loaded-settings.js&quot; from &quot;integration-tests/config/loaded-settings-integration.test.ts&quot;. Does the file exist?" type="Error">
Error: Failed to resolve import &quot;../../src/config/loaded-settings.js&quot; from &quot;integration-tests/config/loaded-settings-integration.test.ts&quot;. Does the file exist?
  Plugin: vite:import-analysis
  File: /Users/sethford/Downloads/Projects/vibex/integration-tests/config/loaded-settings-integration.test.ts:19:7
  10 |    ensureWorkspaceSettingsFile,
  11 |    SETTINGS_DIRECTORY_NAME
  12 |  } from &quot;../../src/config/loaded-settings.js&quot;;
     |          ^
  13 |  const TEST_WORKSPACE = path.join(os.tmpdir(), &quot;vibex-test-workspace&quot;);
  14 |  const TEST_USER_DIR = path.join(os.tmpdir(), &quot;vibex-test-user&quot;);
 ❯ TransformPluginContext._formatLog node_modules/vite/dist/node/chunks/dep-CXCa-anf.js:31420:43
 ❯ TransformPluginContext.error node_modules/vite/dist/node/chunks/dep-CXCa-anf.js:31417:14
 ❯ normalizeUrl node_modules/vite/dist/node/chunks/dep-CXCa-anf.js:29966:18
 ❯ node_modules/vite/dist/node/chunks/dep-CXCa-anf.js:30024:32
 ❯ TransformPluginContext.transform node_modules/vite/dist/node/chunks/dep-CXCa-anf.js:29992:4
 ❯ EnvironmentPluginContainer.transform node_modules/vite/dist/node/chunks/dep-CXCa-anf.js:31234:14
 ❯ loadAndTransform node_modules/vite/dist/node/chunks/dep-CXCa-anf.js:26408:26
            </failure>
        </testcase>
    </testsuite>
    <testsuite name="integration-tests/core/environment-simulation.test.ts" timestamp="2025-07-06T18:54:21.301Z" hostname="Seths-MacBook-Pro.local" tests="1" failures="1" errors="0" skipped="0" time="0">
        <testcase classname="integration-tests/core/environment-simulation.test.ts" name="integration-tests/core/environment-simulation.test.ts" time="0">
            <failure message="No test suite found in file /Users/sethford/Downloads/Projects/vibex/integration-tests/core/environment-simulation.test.ts" type="Error">
Error: No test suite found in file /Users/sethford/Downloads/Projects/vibex/integration-tests/core/environment-simulation.test.ts
            </failure>
        </testcase>
    </testsuite>
    <testsuite name="integration-tests/core/startup.test.ts" timestamp="2025-07-06T18:54:21.301Z" hostname="Seths-MacBook-Pro.local" tests="1" failures="1" errors="0" skipped="0" time="0">
        <testcase classname="integration-tests/core/startup.test.ts" name="integration-tests/core/startup.test.ts" time="0">
            <failure message="No test suite found in file /Users/sethford/Downloads/Projects/vibex/integration-tests/core/startup.test.ts" type="Error">
Error: No test suite found in file /Users/sethford/Downloads/Projects/vibex/integration-tests/core/startup.test.ts
            </failure>
        </testcase>
    </testsuite>
    <testsuite name="tests/ai/ai-architecture-integration.test.ts" timestamp="2025-07-06T18:54:21.301Z" hostname="Seths-MacBook-Pro.local" tests="1" failures="1" errors="0" skipped="0" time="0">
        <testcase classname="tests/ai/ai-architecture-integration.test.ts" name="tests/ai/ai-architecture-integration.test.ts" time="0">
            <failure message="Failed to resolve import &quot;../../src/ai/turn-manager.js&quot; from &quot;tests/ai/ai-architecture-integration.test.ts&quot;. Does the file exist?" type="Error">
Error: Failed to resolve import &quot;../../src/ai/turn-manager.js&quot; from &quot;tests/ai/ai-architecture-integration.test.ts&quot;. Does the file exist?
  Plugin: vite:import-analysis
  File: /Users/sethford/Downloads/Projects/vibex/tests/ai/ai-architecture-integration.test.ts:17:0
  29 |  });
  30 |  const __vi_import_0__ = await import(&quot;../../src/ai/claude-content-generator.js&quot;);
  31 |  const __vi_import_1__ = await import(&quot;../../src/ai/turn-manager.js&quot;);
     |                                       ^
  32 |  const __vi_import_2__ = await import(&quot;../../src/ai/memory-manager.js&quot;);
  33 |  const __vi_import_3__ = await import(&quot;../../src/ai/unified-client.js&quot;);
 ❯ TransformPluginContext._formatLog node_modules/vite/dist/node/chunks/dep-CXCa-anf.js:31420:43
 ❯ TransformPluginContext.error node_modules/vite/dist/node/chunks/dep-CXCa-anf.js:31417:14
 ❯ normalizeUrl node_modules/vite/dist/node/chunks/dep-CXCa-anf.js:29966:18
 ❯ node_modules/vite/dist/node/chunks/dep-CXCa-anf.js:30024:32
 ❯ TransformPluginContext.transform node_modules/vite/dist/node/chunks/dep-CXCa-anf.js:29992:4
 ❯ EnvironmentPluginContainer.transform node_modules/vite/dist/node/chunks/dep-CXCa-anf.js:31234:14
 ❯ loadAndTransform node_modules/vite/dist/node/chunks/dep-CXCa-anf.js:26408:26
            </failure>
        </testcase>
    </testsuite>
    <testsuite name="tests/ai/index.test.ts" timestamp="2025-07-06T18:54:21.301Z" hostname="Seths-MacBook-Pro.local" tests="1" failures="1" errors="0" skipped="0" time="0">
        <testcase classname="tests/ai/index.test.ts" name="tests/ai/index.test.ts" time="0">
            <failure message="Failed to resolve import &quot;../../src/ai/unified-client.js&quot; from &quot;tests/ai/index.test.ts&quot;. Does the file exist?" type="Error">
Error: Failed to resolve import &quot;../../src/ai/unified-client.js&quot; from &quot;tests/ai/index.test.ts&quot;. Does the file exist?
  Plugin: vite:import-analysis
  File: /Users/sethford/Downloads/Projects/vibex/tests/ai/index.test.ts:15:0
  31 |  }));
  32 |  const __vi_import_0__ = await import(&quot;../../src/ai/index.js&quot;);
  33 |  const __vi_import_1__ = await import(&quot;../../src/ai/unified-client.js&quot;);
     |                                       ^
  34 |  /**
  35 |   * @license
 ❯ TransformPluginContext._formatLog node_modules/vite/dist/node/chunks/dep-CXCa-anf.js:31420:43
 ❯ TransformPluginContext.error node_modules/vite/dist/node/chunks/dep-CXCa-anf.js:31417:14
 ❯ normalizeUrl node_modules/vite/dist/node/chunks/dep-CXCa-anf.js:29966:18
 ❯ node_modules/vite/dist/node/chunks/dep-CXCa-anf.js:30024:32
 ❯ TransformPluginContext.transform node_modules/vite/dist/node/chunks/dep-CXCa-anf.js:29992:4
 ❯ EnvironmentPluginContainer.transform node_modules/vite/dist/node/chunks/dep-CXCa-anf.js:31234:14
 ❯ loadAndTransform node_modules/vite/dist/node/chunks/dep-CXCa-anf.js:26408:26
            </failure>
        </testcase>
    </testsuite>
    <testsuite name="tests/ai/integrated-ai-tests.test.ts" timestamp="2025-07-06T18:54:21.302Z" hostname="Seths-MacBook-Pro.local" tests="1" failures="1" errors="0" skipped="0" time="0">
        <testcase classname="tests/ai/integrated-ai-tests.test.ts" name="tests/ai/integrated-ai-tests.test.ts" time="0">
            <failure message="Failed to resolve import &quot;../../src/ai/unified-client.js&quot; from &quot;tests/ai/integrated-ai-tests.test.ts&quot;. Does the file exist?" type="Error">
Error: Failed to resolve import &quot;../../src/ai/unified-client.js&quot; from &quot;tests/ai/integrated-ai-tests.test.ts&quot;. Does the file exist?
  Plugin: vite:import-analysis
  File: /Users/sethford/Downloads/Projects/vibex/tests/ai/integrated-ai-tests.test.ts:15:0
  31 |  });
  32 |  const __vi_import_0__ = await import(&quot;events&quot;);
  33 |  const __vi_import_1__ = await import(&quot;../../src/ai/unified-client.js&quot;);
     |                                       ^
  34 |  const __vi_import_2__ = await import(&quot;../../src/ai/turn-manager.js&quot;);
  35 |  const __vi_import_3__ = await import(&quot;../../src/ai/content-generator.js&quot;);
 ❯ TransformPluginContext._formatLog node_modules/vite/dist/node/chunks/dep-CXCa-anf.js:31420:43
 ❯ TransformPluginContext.error node_modules/vite/dist/node/chunks/dep-CXCa-anf.js:31417:14
 ❯ normalizeUrl node_modules/vite/dist/node/chunks/dep-CXCa-anf.js:29966:18
 ❯ node_modules/vite/dist/node/chunks/dep-CXCa-anf.js:30024:32
 ❯ TransformPluginContext.transform node_modules/vite/dist/node/chunks/dep-CXCa-anf.js:29992:4
 ❯ EnvironmentPluginContainer.transform node_modules/vite/dist/node/chunks/dep-CXCa-anf.js:31234:14
 ❯ loadAndTransform node_modules/vite/dist/node/chunks/dep-CXCa-anf.js:26408:26
            </failure>
        </testcase>
    </testsuite>
    <testsuite name="tests/ai/unified-client.test.ts" timestamp="2025-07-06T18:54:21.302Z" hostname="Seths-MacBook-Pro.local" tests="1" failures="1" errors="0" skipped="0" time="0">
        <testcase classname="tests/ai/unified-client.test.ts" name="tests/ai/unified-client.test.ts" time="0">
            <failure message="Failed to resolve import &quot;../../src/ai/unified-client.js&quot; from &quot;tests/ai/unified-client.test.ts&quot;. Does the file exist?" type="Error">
Error: Failed to resolve import &quot;../../src/ai/unified-client.js&quot; from &quot;tests/ai/unified-client.test.ts&quot;. Does the file exist?
  Plugin: vite:import-analysis
  File: /Users/sethford/Downloads/Projects/vibex/tests/ai/unified-client.test.ts:14:0
  4  |    };
  5  |  });
  6  |  const __vi_import_0__ = await import(&quot;../../src/ai/unified-client.js&quot;);
     |                                       ^
  7  |  const __vi_import_1__ = await import(&quot;events&quot;);
  8  |  const __vi_import_2__ = await import(&quot;../../src/utils/retry.js&quot;);
 ❯ TransformPluginContext._formatLog node_modules/vite/dist/node/chunks/dep-CXCa-anf.js:31420:43
 ❯ TransformPluginContext.error node_modules/vite/dist/node/chunks/dep-CXCa-anf.js:31417:14
 ❯ normalizeUrl node_modules/vite/dist/node/chunks/dep-CXCa-anf.js:29966:18
 ❯ node_modules/vite/dist/node/chunks/dep-CXCa-anf.js:30024:32
 ❯ TransformPluginContext.transform node_modules/vite/dist/node/chunks/dep-CXCa-anf.js:29992:4
 ❯ EnvironmentPluginContainer.transform node_modules/vite/dist/node/chunks/dep-CXCa-anf.js:31234:14
 ❯ loadAndTransform node_modules/vite/dist/node/chunks/dep-CXCa-anf.js:26408:26
            </failure>
        </testcase>
    </testsuite>
    <testsuite name="tests/commands/slash-command-system-integration.test.ts" timestamp="2025-07-06T18:54:21.302Z" hostname="Seths-MacBook-Pro.local" tests="31" failures="2" errors="0" skipped="0" time="0.012081667">
        <testcase classname="tests/commands/slash-command-system-integration.test.ts" name="Slash Command System Integration &gt; Command Registry &gt; should register and retrieve commands" time="0.000993125">
        </testcase>
        <testcase classname="tests/commands/slash-command-system-integration.test.ts" name="Slash Command System Integration &gt; Command Registry &gt; should handle command aliases" time="0.000131833">
        </testcase>
        <testcase classname="tests/commands/slash-command-system-integration.test.ts" name="Slash Command System Integration &gt; Command Registry &gt; should unregister commands" time="0.000153875">
        </testcase>
        <testcase classname="tests/commands/slash-command-system-integration.test.ts" name="Slash Command System Integration &gt; Command Registry &gt; should organize commands by category" time="0.000876208">
        </testcase>
        <testcase classname="tests/commands/slash-command-system-integration.test.ts" name="Slash Command System Integration &gt; Command Registry &gt; should validate command definitions" time="0.000344166">
        </testcase>
        <testcase classname="tests/commands/slash-command-system-integration.test.ts" name="Slash Command System Integration &gt; Command Parsing and Validation &gt; should parse valid commands correctly" time="0.00070325">
        </testcase>
        <testcase classname="tests/commands/slash-command-system-integration.test.ts" name="Slash Command System Integration &gt; Command Parsing and Validation &gt; should handle missing required arguments" time="0.000140167">
        </testcase>
        <testcase classname="tests/commands/slash-command-system-integration.test.ts" name="Slash Command System Integration &gt; Command Parsing and Validation &gt; should handle invalid argument types" time="0.000118083">
        </testcase>
        <testcase classname="tests/commands/slash-command-system-integration.test.ts" name="Slash Command System Integration &gt; Command Parsing and Validation &gt; should apply default values" time="0.000106459">
        </testcase>
        <testcase classname="tests/commands/slash-command-system-integration.test.ts" name="Slash Command System Integration &gt; Command Parsing and Validation &gt; should handle unknown commands" time="0.000165167">
        </testcase>
        <testcase classname="tests/commands/slash-command-system-integration.test.ts" name="Slash Command System Integration &gt; Command Execution &gt; should execute commands successfully" time="0.00015825">
        </testcase>
        <testcase classname="tests/commands/slash-command-system-integration.test.ts" name="Slash Command System Integration &gt; Command Execution &gt; should handle command execution errors" time="0.000185125">
        </testcase>
        <testcase classname="tests/commands/slash-command-system-integration.test.ts" name="Slash Command System Integration &gt; Command Execution &gt; should handle validation failures" time="0.000125917">
        </testcase>
        <testcase classname="tests/commands/slash-command-system-integration.test.ts" name="Slash Command System Integration &gt; Autocomplete System &gt; should provide command suggestions" time="0.00018875">
        </testcase>
        <testcase classname="tests/commands/slash-command-system-integration.test.ts" name="Slash Command System Integration &gt; Autocomplete System &gt; should provide argument value suggestions" time="0.000144625">
        </testcase>
        <testcase classname="tests/commands/slash-command-system-integration.test.ts" name="Slash Command System Integration &gt; Autocomplete System &gt; should provide option suggestions" time="0.0000725">
        </testcase>
        <testcase classname="tests/commands/slash-command-system-integration.test.ts" name="Slash Command System Integration &gt; Help System &gt; should generate help for specific command" time="0.00019825">
        </testcase>
        <testcase classname="tests/commands/slash-command-system-integration.test.ts" name="Slash Command System Integration &gt; Help System &gt; should generate overall help" time="0.000115334">
        </testcase>
        <testcase classname="tests/commands/slash-command-system-integration.test.ts" name="Slash Command System Integration &gt; Help System &gt; should handle help for unknown command" time="0.000049291">
        </testcase>
        <testcase classname="tests/commands/slash-command-system-integration.test.ts" name="Slash Command System Integration &gt; Built-in Commands &gt; should register all built-in commands" time="0.000151417">
        </testcase>
        <testcase classname="tests/commands/slash-command-system-integration.test.ts" name="Slash Command System Integration &gt; Built-in Commands &gt; should execute help command" time="0.000109959">
        </testcase>
        <testcase classname="tests/commands/slash-command-system-integration.test.ts" name="Slash Command System Integration &gt; Built-in Commands &gt; should execute config command with list action" time="0.000132375">
        </testcase>
        <testcase classname="tests/commands/slash-command-system-integration.test.ts" name="Slash Command System Integration &gt; Built-in Commands &gt; should execute config command with set action" time="0.00007425">
        </testcase>
        <testcase classname="tests/commands/slash-command-system-integration.test.ts" name="Slash Command System Integration &gt; Built-in Commands &gt; should validate config command arguments" time="0.000068875">
        </testcase>
        <testcase classname="tests/commands/slash-command-system-integration.test.ts" name="Slash Command System Integration &gt; Built-in Commands &gt; should handle config command with invalid action" time="0.000075583">
        </testcase>
        <testcase classname="tests/commands/slash-command-system-integration.test.ts" name="Slash Command System Integration &gt; Built-in Commands &gt; should execute file command with info action" time="0.004112084">
            <failure message="expected true to be false // Object.is equality" type="AssertionError">
AssertionError: expected true to be false // Object.is equality

- Expected
+ Received

- false
+ true

 ❯ tests/commands/slash-command-system-integration.test.ts:487:30
            </failure>
        </testcase>
        <testcase classname="tests/commands/slash-command-system-integration.test.ts" name="Slash Command System Integration &gt; Built-in Commands &gt; should execute memory command with stats action" time="0.000186083">
        </testcase>
        <testcase classname="tests/commands/slash-command-system-integration.test.ts" name="Slash Command System Integration &gt; Built-in Commands &gt; should execute search command" time="0.000201375">
        </testcase>
        <testcase classname="tests/commands/slash-command-system-integration.test.ts" name="Slash Command System Integration &gt; Command Similarity and Suggestions &gt; should suggest similar commands for typos" time="0.000119583">
        </testcase>
        <testcase classname="tests/commands/slash-command-system-integration.test.ts" name="Slash Command System Integration &gt; Event System &gt; should emit events for command registration" time="0.001019">
            <failure message="done() callback is deprecated, use promise instead" type="Error">
Error: done() callback is deprecated, use promise instead
 ❯ SlashCommandRegistry.&lt;anonymous&gt; tests/commands/slash-command-system-integration.test.ts:543:9
 ❯ SlashCommandRegistry.emit node_modules/events/events.js:153:5
 ❯ SlashCommandRegistry.register src/commands/slash-command-system.ts:127:10
 ❯ tests/commands/slash-command-system-integration.test.ts:546:16
            </failure>
        </testcase>
        <testcase classname="tests/commands/slash-command-system-integration.test.ts" name="Slash Command System Integration &gt; Event System &gt; should emit events for command execution" time="0.000091834">
        </testcase>
    </testsuite>
    <testsuite name="tests/context/git-aware-file-filter.test.ts" timestamp="2025-07-06T18:54:21.304Z" hostname="Seths-MacBook-Pro.local" tests="13" failures="2" errors="0" skipped="0" time="0.026887875">
        <testcase classname="tests/context/git-aware-file-filter.test.ts" name="GitAwareFileFilter &gt; filterSingleFile &gt; should include TypeScript source files" time="0.002311042">
        </testcase>
        <testcase classname="tests/context/git-aware-file-filter.test.ts" name="GitAwareFileFilter &gt; filterSingleFile &gt; should categorize README.md as context file" time="0.000620083">
        </testcase>
        <testcase classname="tests/context/git-aware-file-filter.test.ts" name="GitAwareFileFilter &gt; filterSingleFile &gt; should exclude files in node_modules by default" time="0.0048555">
            <failure message="expected &apos;Error processing file: ENOENT: no suc…&apos; to contain &apos;excluded&apos;" type="AssertionError">
AssertionError: expected &apos;Error processing file: ENOENT: no suc…&apos; to contain &apos;excluded&apos;

Expected: &quot;excluded&quot;
Received: &quot;Error processing file: ENOENT: no such file or directory, stat &apos;/test/project/node_modules/package/index.js&apos;&quot;

 ❯ tests/context/git-aware-file-filter.test.ts:89:29
            </failure>
        </testcase>
        <testcase classname="tests/context/git-aware-file-filter.test.ts" name="GitAwareFileFilter &gt; filterSingleFile &gt; should handle binary files when binary exclusion is enabled" time="0.006011791">
        </testcase>
        <testcase classname="tests/context/git-aware-file-filter.test.ts" name="GitAwareFileFilter &gt; filterSingleFile &gt; should handle gitignore patterns" time="0.002076083">
            <failure message="expected &apos;Error processing file: ENOENT: no suc…&apos; to contain &apos;excluded&apos;" type="AssertionError">
AssertionError: expected &apos;Error processing file: ENOENT: no suc…&apos; to contain &apos;excluded&apos;

Expected: &quot;excluded&quot;
Received: &quot;Error processing file: ENOENT: no such file or directory, stat &apos;/test/project/dist/output.js&apos;&quot;

 ❯ tests/context/git-aware-file-filter.test.ts:119:29
            </failure>
        </testcase>
        <testcase classname="tests/context/git-aware-file-filter.test.ts" name="GitAwareFileFilter &gt; filterSingleFile &gt; should calculate relevance scores" time="0.000948875">
        </testcase>
        <testcase classname="tests/context/git-aware-file-filter.test.ts" name="GitAwareFileFilter &gt; filterSingleFile &gt; should handle configuration files" time="0.000282541">
        </testcase>
        <testcase classname="tests/context/git-aware-file-filter.test.ts" name="GitAwareFileFilter &gt; filterSingleFile &gt; should handle errors gracefully" time="0.000869917">
        </testcase>
        <testcase classname="tests/context/git-aware-file-filter.test.ts" name="GitAwareFileFilter &gt; filterFiles &gt; should filter multiple files correctly" time="0.0061325">
        </testcase>
        <testcase classname="tests/context/git-aware-file-filter.test.ts" name="GitAwareFileFilter &gt; configuration options &gt; should respect respectGitignore setting" time="0.0003915">
        </testcase>
        <testcase classname="tests/context/git-aware-file-filter.test.ts" name="GitAwareFileFilter &gt; configuration options &gt; should respect excludeBinaryFiles setting" time="0.000560334">
        </testcase>
        <testcase classname="tests/context/git-aware-file-filter.test.ts" name="GitAwareFileFilter &gt; cache management &gt; should provide cache statistics" time="0.000346792">
        </testcase>
        <testcase classname="tests/context/git-aware-file-filter.test.ts" name="GitAwareFileFilter &gt; cache management &gt; should clear caches" time="0.000227917">
        </testcase>
    </testsuite>
    <testsuite name="tests/config/advanced-config-integration.test.ts" timestamp="2025-07-06T18:54:21.304Z" hostname="Seths-MacBook-Pro.local" tests="15" failures="0" errors="0" skipped="0" time="0.269316834">
        <testcase classname="tests/config/advanced-config-integration.test.ts" name="Advanced Configuration System Integration &gt; Hierarchical Configuration &gt; should respect scope hierarchy (runtime &gt; workspace &gt; user &gt; system)" time="0.028752875">
        </testcase>
        <testcase classname="tests/config/advanced-config-integration.test.ts" name="Advanced Configuration System Integration &gt; Hierarchical Configuration &gt; should handle complex configuration objects" time="0.007063958">
        </testcase>
        <testcase classname="tests/config/advanced-config-integration.test.ts" name="Advanced Configuration System Integration &gt; External Configuration Store &gt; should persist configurations to file system" time="0.010918458">
        </testcase>
        <testcase classname="tests/config/advanced-config-integration.test.ts" name="Advanced Configuration System Integration &gt; External Configuration Store &gt; should handle concurrent access safely" time="0.008521625">
        </testcase>
        <testcase classname="tests/config/advanced-config-integration.test.ts" name="Advanced Configuration System Integration &gt; External Configuration Store &gt; should list all configurations in a scope" time="0.026515833">
        </testcase>
        <testcase classname="tests/config/advanced-config-integration.test.ts" name="Advanced Configuration System Integration &gt; Real-time Updates and Watching &gt; should notify watchers of configuration changes" time="0.04252625">
        </testcase>
        <testcase classname="tests/config/advanced-config-integration.test.ts" name="Advanced Configuration System Integration &gt; Real-time Updates and Watching &gt; should handle multiple watchers for same key" time="0.033219916">
        </testcase>
        <testcase classname="tests/config/advanced-config-integration.test.ts" name="Advanced Configuration System Integration &gt; Real-time Updates and Watching &gt; should properly unwatch when requested" time="0.019515666">
        </testcase>
        <testcase classname="tests/config/advanced-config-integration.test.ts" name="Advanced Configuration System Integration &gt; Backup and Restore &gt; should create and restore backups" time="0.042036791">
        </testcase>
        <testcase classname="tests/config/advanced-config-integration.test.ts" name="Advanced Configuration System Integration &gt; Backup and Restore &gt; should handle backup restoration errors gracefully" time="0.0023485">
        </testcase>
        <testcase classname="tests/config/advanced-config-integration.test.ts" name="Advanced Configuration System Integration &gt; Caching and Performance &gt; should cache frequently accessed values" time="0.004423209">
        </testcase>
        <testcase classname="tests/config/advanced-config-integration.test.ts" name="Advanced Configuration System Integration &gt; Caching and Performance &gt; should invalidate cache on updates" time="0.015983">
        </testcase>
        <testcase classname="tests/config/advanced-config-integration.test.ts" name="Advanced Configuration System Integration &gt; Error Handling &gt; should handle missing configuration files gracefully" time="0.00525625">
        </testcase>
        <testcase classname="tests/config/advanced-config-integration.test.ts" name="Advanced Configuration System Integration &gt; Error Handling &gt; should handle file system errors gracefully" time="0.002429625">
        </testcase>
        <testcase classname="tests/config/advanced-config-integration.test.ts" name="Advanced Configuration System Integration &gt; Configuration Scope Management &gt; should clear entire scopes correctly" time="0.017251167">
        </testcase>
    </testsuite>
    <testsuite name="tests/config/claude-integration.test.ts" timestamp="2025-07-06T18:54:21.305Z" hostname="Seths-MacBook-Pro.local" tests="1" failures="1" errors="0" skipped="0" time="0">
        <testcase classname="tests/config/claude-integration.test.ts" name="tests/config/claude-integration.test.ts" time="0">
            <failure message="Failed to resolve import &quot;../../src/config/claude-integration.js&quot; from &quot;tests/config/claude-integration.test.ts&quot;. Does the file exist?" type="Error">
Error: Failed to resolve import &quot;../../src/config/claude-integration.js&quot; from &quot;tests/config/claude-integration.test.ts&quot;. Does the file exist?
  Plugin: vite:import-analysis
  File: /Users/sethford/Downloads/Projects/vibex/tests/config/claude-integration.test.ts:8:97
  5  |   */
  6  |  import { describe, test, expect, beforeEach } from &quot;vitest&quot;;
  7  |  import { createIntegratedClaudeConfig, validateClaudeIntegration, loadClaudeConfigFromApp } from &quot;../../src/config/claude-integration.js&quot;;
     |                                                                                                    ^
  8  |  import { ClaudeOptimizedConfigManager } from &quot;../../src/config/claude-optimized-config.js&quot;;
  9  |  import { EnhancedModernUIConfigManager } from &quot;../../src/config/enhanced-modern-ui-config.js&quot;;
 ❯ TransformPluginContext._formatLog node_modules/vite/dist/node/chunks/dep-CXCa-anf.js:31420:43
 ❯ TransformPluginContext.error node_modules/vite/dist/node/chunks/dep-CXCa-anf.js:31417:14
 ❯ normalizeUrl node_modules/vite/dist/node/chunks/dep-CXCa-anf.js:29966:18
 ❯ node_modules/vite/dist/node/chunks/dep-CXCa-anf.js:30024:32
 ❯ TransformPluginContext.transform node_modules/vite/dist/node/chunks/dep-CXCa-anf.js:29992:4
 ❯ EnvironmentPluginContainer.transform node_modules/vite/dist/node/chunks/dep-CXCa-anf.js:31234:14
 ❯ loadAndTransform node_modules/vite/dist/node/chunks/dep-CXCa-anf.js:26408:26
            </failure>
        </testcase>
    </testsuite>
    <testsuite name="tests/e2e/performance-optimizations.test.ts" timestamp="2025-07-06T18:54:21.305Z" hostname="Seths-MacBook-Pro.local" tests="1" failures="1" errors="0" skipped="0" time="0">
        <testcase classname="tests/e2e/performance-optimizations.test.ts" name="tests/e2e/performance-optimizations.test.ts" time="0">
            <failure message="Cannot read properties of undefined (reading &apos;setTimeout&apos;)" type="TypeError">
TypeError: Cannot read properties of undefined (reading &apos;setTimeout&apos;)
 ❯ tests/e2e/performance-optimizations.test.ts:24:6
            </failure>
        </testcase>
    </testsuite>
    <testsuite name="tests/integration/ui-AppIntegration.test.tsx" timestamp="2025-07-06T18:54:21.306Z" hostname="Seths-MacBook-Pro.local" tests="1" failures="1" errors="0" skipped="0" time="0">
        <testcase classname="tests/integration/ui-AppIntegration.test.tsx" name="tests/integration/ui-AppIntegration.test.tsx" time="0">
            <failure message="Failed to resolve import &quot;../../types.js&quot; from &quot;tests/integration/ui-AppIntegration.test.tsx&quot;. Does the file exist?" type="Error">
Error: Failed to resolve import &quot;../../types.js&quot; from &quot;tests/integration/ui-AppIntegration.test.tsx&quot;. Does the file exist?
  Plugin: vite:import-analysis
  File: /Users/sethford/Downloads/Projects/vibex/tests/integration/ui-AppIntegration.test.tsx:18:0
  108|      }));
  109|  const __vi_import_0__ = await import(&quot;react/jsx-dev-runtime&quot;);
  110|  const __vi_import_1__ = await import(&quot;../../types.js&quot;);
     |                                       ^
  111|  
  112|  /**
 ❯ TransformPluginContext._formatLog node_modules/vite/dist/node/chunks/dep-CXCa-anf.js:31420:43
 ❯ TransformPluginContext.error node_modules/vite/dist/node/chunks/dep-CXCa-anf.js:31417:14
 ❯ normalizeUrl node_modules/vite/dist/node/chunks/dep-CXCa-anf.js:29966:18
 ❯ node_modules/vite/dist/node/chunks/dep-CXCa-anf.js:30024:32
 ❯ TransformPluginContext.transform node_modules/vite/dist/node/chunks/dep-CXCa-anf.js:29992:4
 ❯ EnvironmentPluginContainer.transform node_modules/vite/dist/node/chunks/dep-CXCa-anf.js:31234:14
 ❯ loadAndTransform node_modules/vite/dist/node/chunks/dep-CXCa-anf.js:26408:26
            </failure>
        </testcase>
    </testsuite>
    <testsuite name="tests/integration/ui-AppPerformanceIntegration.test.tsx" timestamp="2025-07-06T18:54:21.306Z" hostname="Seths-MacBook-Pro.local" tests="1" failures="1" errors="0" skipped="0" time="0">
        <testcase classname="tests/integration/ui-AppPerformanceIntegration.test.tsx" name="tests/integration/ui-AppPerformanceIntegration.test.tsx" time="0">
            <failure message="Transform failed with 1 error:
/Users/sethford/Downloads/Projects/vibex/tests/integration/ui-AppPerformanceIntegration.test.tsx:20:7: ERROR: Expected &quot;as&quot; but found &quot;{&quot;" type="Error">
Error: Transform failed with 1 error:
/Users/sethford/Downloads/Projects/vibex/tests/integration/ui-AppPerformanceIntegration.test.tsx:20:7: ERROR: Expected &quot;as&quot; but found &quot;{&quot;
  Plugin: vite:esbuild
  File: /Users/sethford/Downloads/Projects/vibex/tests/integration/ui-AppPerformanceIntegration.test.tsx:20:7
  
  Expected &quot;as&quot; but found &quot;{&quot;
  18 |  // Import the performance configuration to access performance levels and targets
  19 |  import {
  20 |  import { describe, it, test, expect, beforeEach, afterEach, beforeAll, afterAll, vi } from &apos;vitest&apos;;
     |         ^
  21 |    PerformanceLevel,
  22 |    PerformanceConfigManager,
  
 ❯ failureErrorWithLog node_modules/esbuild/lib/main.js:1463:15
 ❯ node_modules/esbuild/lib/main.js:734:50
 ❯ responseCallbacks.&lt;computed&gt; node_modules/esbuild/lib/main.js:601:9
 ❯ handleIncomingPacket node_modules/esbuild/lib/main.js:656:12
 ❯ Socket.readFromStdout node_modules/esbuild/lib/main.js:579:7
            </failure>
        </testcase>
    </testsuite>
    <testsuite name="tests/integration/ui-Claude4Integration.test.tsx" timestamp="2025-07-06T18:54:21.306Z" hostname="Seths-MacBook-Pro.local" tests="1" failures="0" errors="0" skipped="1" time="0">
        <testcase classname="tests/integration/ui-Claude4Integration.test.tsx" name="Claude 4 Integration Tests &gt; should integrate with Claude 4" time="0">
            <skipped/>
        </testcase>
    </testsuite>
    <testsuite name="tests/integration/ui-modern-interface-integration.test.tsx" timestamp="2025-07-06T18:54:21.306Z" hostname="Seths-MacBook-Pro.local" tests="1" failures="1" errors="0" skipped="0" time="0">
        <testcase classname="tests/integration/ui-modern-interface-integration.test.tsx" name="tests/integration/ui-modern-interface-integration.test.tsx" time="0">
            <failure message="Failed to resolve import &quot;../../../src/ui/components/types/interface-types.js&quot; from &quot;tests/integration/ui-modern-interface-integration.test.tsx&quot;. Does the file exist?" type="Error">
Error: Failed to resolve import &quot;../../../src/ui/components/types/interface-types.js&quot; from &quot;tests/integration/ui-modern-interface-integration.test.tsx&quot;. Does the file exist?
  Plugin: vite:import-analysis
  File: /Users/sethford/Downloads/Projects/vibex/tests/integration/ui-modern-interface-integration.test.tsx:22:7
  9  |    InterfaceMode,
  10 |    MediaType
  11 |  } from &quot;../../../src/ui/components/types/interface-types.js&quot;;
     |          ^
  12 |  import { InterfaceOrchestrator as ModernInterface } from &quot;../../../src/ui/components/interfaces/InterfaceOrchestrator.js&quot;;
  13 |  import {
 ❯ TransformPluginContext._formatLog node_modules/vite/dist/node/chunks/dep-CXCa-anf.js:31420:43
 ❯ TransformPluginContext.error node_modules/vite/dist/node/chunks/dep-CXCa-anf.js:31417:14
 ❯ normalizeUrl node_modules/vite/dist/node/chunks/dep-CXCa-anf.js:29966:18
 ❯ node_modules/vite/dist/node/chunks/dep-CXCa-anf.js:30024:32
 ❯ TransformPluginContext.transform node_modules/vite/dist/node/chunks/dep-CXCa-anf.js:29992:4
 ❯ EnvironmentPluginContainer.transform node_modules/vite/dist/node/chunks/dep-CXCa-anf.js:31234:14
 ❯ loadAndTransform node_modules/vite/dist/node/chunks/dep-CXCa-anf.js:26408:26
            </failure>
        </testcase>
    </testsuite>
    <testsuite name="tests/memory/hierarchical-memory-integration.test.ts" timestamp="2025-07-06T18:54:21.306Z" hostname="Seths-MacBook-Pro.local" tests="13" failures="5" errors="0" skipped="0" time="0.205776333">
        <testcase classname="tests/memory/hierarchical-memory-integration.test.ts" name="Hierarchical Memory System Integration &gt; Memory Storage and Retrieval &gt; should store and retrieve memories correctly" time="0.008210583">
            <system-out>
Fact search results: {
  query: { type: [32m&apos;fact&apos;[39m, limit: [33m10[39m },
  results: [
    {
      content: [32m&apos;The capital of France is Paris&apos;[39m,
      type: [32m&apos;fact&apos;[39m,
      session_id: [32m&apos;test-session&apos;[39m,
      importance: [33m0.8[39m
    }
  ],
  total: [33m1[39m
}

            </system-out>
        </testcase>
        <testcase classname="tests/memory/hierarchical-memory-integration.test.ts" name="Hierarchical Memory System Integration &gt; Memory Storage and Retrieval &gt; should handle semantic search with embeddings" time="0.007602667">
        </testcase>
        <testcase classname="tests/memory/hierarchical-memory-integration.test.ts" name="Hierarchical Memory System Integration &gt; Memory Storage and Retrieval &gt; should prioritize by importance and recency" time="0.012419125">
            <failure message="entry.timestamp.getTime is not a function" type="TypeError">
TypeError: entry.timestamp.getTime is not a function
 ❯ src/memory/storage.ts:114:50
 ❯ InMemoryStorage.scoreEntries src/memory/storage.ts:88:20
 ❯ InMemoryStorage.search src/memory/storage.ts:24:31
 ❯ FileStorage.search src/memory/storage.ts:235:32
 ❯ HierarchicalMemoryManager.searchLayer src/memory/hierarchical-manager.ts:242:12
 ❯ HierarchicalMemoryManager.recall src/memory/hierarchical-manager.ts:136:21
 ❯ tests/memory/hierarchical-memory-integration.test.ts:181:26
            </failure>
        </testcase>
        <testcase classname="tests/memory/hierarchical-memory-integration.test.ts" name="Hierarchical Memory System Integration &gt; Context Management &gt; should build context from session memories" time="0.009830459">
            <failure message="entry.timestamp.getTime is not a function" type="TypeError">
TypeError: entry.timestamp.getTime is not a function
 ❯ src/memory/storage.ts:114:50
 ❯ InMemoryStorage.scoreEntries src/memory/storage.ts:88:20
 ❯ InMemoryStorage.search src/memory/storage.ts:24:31
 ❯ FileStorage.search src/memory/storage.ts:235:32
 ❯ HierarchicalMemoryManager.searchLayer src/memory/hierarchical-manager.ts:242:12
 ❯ HierarchicalMemoryManager.recall src/memory/hierarchical-manager.ts:136:21
 ❯ HierarchicalMemoryManager.getContext src/memory/hierarchical-manager.ts:167:21
 ❯ tests/memory/hierarchical-memory-integration.test.ts:217:23
            </failure>
        </testcase>
        <testcase classname="tests/memory/hierarchical-memory-integration.test.ts" name="Hierarchical Memory System Integration &gt; Context Management &gt; should update context with new information" time="0.003521542">
        </testcase>
        <testcase classname="tests/memory/hierarchical-memory-integration.test.ts" name="Hierarchical Memory System Integration &gt; Memory Statistics and Management &gt; should provide accurate memory statistics" time="0.002057625">
        </testcase>
        <testcase classname="tests/memory/hierarchical-memory-integration.test.ts" name="Hierarchical Memory System Integration &gt; Memory Statistics and Management &gt; should handle memory pressure and compression" time="0.10656325">
        </testcase>
        <testcase classname="tests/memory/hierarchical-memory-integration.test.ts" name="Hierarchical Memory System Integration &gt; Session Isolation &gt; should isolate memories by session" time="0.019277042">
            <failure message="entry.timestamp.getTime is not a function" type="TypeError">
TypeError: entry.timestamp.getTime is not a function
 ❯ src/memory/storage.ts:114:50
 ❯ InMemoryStorage.scoreEntries src/memory/storage.ts:88:20
 ❯ InMemoryStorage.search src/memory/storage.ts:24:31
 ❯ FileStorage.search src/memory/storage.ts:235:32
 ❯ HierarchicalMemoryManager.searchLayer src/memory/hierarchical-manager.ts:242:12
 ❯ HierarchicalMemoryManager.recall src/memory/hierarchical-manager.ts:136:21
 ❯ tests/memory/hierarchical-memory-integration.test.ts:284:31
            </failure>
        </testcase>
        <testcase classname="tests/memory/hierarchical-memory-integration.test.ts" name="Hierarchical Memory System Integration &gt; Memory Forgetting &gt; should forget specific memories" time="0.01085025">
            <failure message="entry.timestamp.getTime is not a function" type="TypeError">
TypeError: entry.timestamp.getTime is not a function
 ❯ src/memory/storage.ts:114:50
 ❯ InMemoryStorage.scoreEntries src/memory/storage.ts:88:20
 ❯ InMemoryStorage.search src/memory/storage.ts:24:31
 ❯ FileStorage.search src/memory/storage.ts:235:32
 ❯ HierarchicalMemoryManager.searchLayer src/memory/hierarchical-manager.ts:242:12
 ❯ HierarchicalMemoryManager.recall src/memory/hierarchical-manager.ts:136:21
 ❯ tests/memory/hierarchical-memory-integration.test.ts:312:29
            </failure>
        </testcase>
        <testcase classname="tests/memory/hierarchical-memory-integration.test.ts" name="Hierarchical Memory System Integration &gt; Memory Forgetting &gt; should return false when forgetting non-existent memory" time="0.009792375">
        </testcase>
        <testcase classname="tests/memory/hierarchical-memory-integration.test.ts" name="Hierarchical Memory System Integration &gt; Error Handling &gt; should handle embedding failures gracefully" time="0.002262125">
        </testcase>
        <testcase classname="tests/memory/hierarchical-memory-integration.test.ts" name="Hierarchical Memory System Integration &gt; Error Handling &gt; should handle storage failures gracefully" time="0.0011075">
        </testcase>
        <testcase classname="tests/memory/hierarchical-memory-integration.test.ts" name="Hierarchical Memory System Integration &gt; Performance &gt; should handle large numbers of memories efficiently" time="0.011285333">
            <failure message="entry.timestamp.getTime is not a function" type="TypeError">
TypeError: entry.timestamp.getTime is not a function
 ❯ src/memory/storage.ts:114:50
 ❯ InMemoryStorage.scoreEntries src/memory/storage.ts:88:20
 ❯ InMemoryStorage.search src/memory/storage.ts:24:31
 ❯ FileStorage.search src/memory/storage.ts:235:32
 ❯ HierarchicalMemoryManager.compressLayer src/memory/hierarchical-manager.ts:306:21
 ❯ HierarchicalMemoryManager.handleMemoryPressure src/memory/hierarchical-manager.ts:208:7
 ❯ HierarchicalMemoryManager.store src/memory/hierarchical-manager.ts:111:5
 ❯ tests/memory/hierarchical-memory-integration.test.ts:410:7
            </failure>
        </testcase>
    </testsuite>
    <testsuite name="tests/memory/import-processor.test.ts" timestamp="2025-07-06T18:54:21.308Z" hostname="Seths-MacBook-Pro.local" tests="5" failures="1" errors="0" skipped="0" time="0.057500458">
        <testcase classname="tests/memory/import-processor.test.ts" name="Memory Import Processor &gt; processes imports in content" time="0.012972667">
        </testcase>
        <testcase classname="tests/memory/import-processor.test.ts" name="Memory Import Processor &gt; processes nested imports" time="0.01533925">
        </testcase>
        <testcase classname="tests/memory/import-processor.test.ts" name="Memory Import Processor &gt; handles circular imports gracefully" time="0.017689166">
            <failure message="expected &apos;# File 1\n\nContent in file 1.\n\n&lt;!-…&apos; not to contain &apos;&lt;!-- Begin import: file1.md --&gt;&apos;" type="AssertionError">
AssertionError: expected &apos;# File 1\n\nContent in file 1.\n\n&lt;!-…&apos; not to contain &apos;&lt;!-- Begin import: file1.md --&gt;&apos;

- Expected
+ Received

+ # File 1
+
+ Content in file 1.
+
+ &lt;!-- Begin import: file2.md --&gt;
+ # File 2
+
+ Content in file 2.
+
  &lt;!-- Begin import: file1.md --&gt;
+ # File 1
+
+ Content in file 1.
+
+ &lt;!-- Error: Circular import detected for file2.md --&gt;
+
+ After import.
+ &lt;!-- End import: file1.md --&gt;
+
+ After import.
+ &lt;!-- End import: file2.md --&gt;
+
+ After import.

 ❯ tests/memory/import-processor.test.ts:117:27
            </failure>
        </testcase>
        <testcase classname="tests/memory/import-processor.test.ts" name="Memory Import Processor &gt; handles missing files gracefully" time="0.003875833">
        </testcase>
        <testcase classname="tests/memory/import-processor.test.ts" name="Memory Import Processor &gt; handles absolute paths" time="0.0014185">
        </testcase>
    </testsuite>
    <testsuite name="tests/memory/memory-integration.test.ts" timestamp="2025-07-06T18:54:21.308Z" hostname="Seths-MacBook-Pro.local" tests="3" failures="2" errors="0" skipped="0" time="1.639474">
        <testcase classname="tests/memory/memory-integration.test.ts" name="Memory System Integration &gt; file watching triggers callback when files change" time="0.615643167">
        </testcase>
        <testcase classname="tests/memory/memory-integration.test.ts" name="Memory System Integration &gt; memory system loads files with CLI entry point" time="0.012163166">
            <failure message="expected 1 to be 2 // Object.is equality" type="AssertionError">
AssertionError: expected 1 to be 2 // Object.is equality

- Expected
+ Received

- 2
+ 1

 ❯ tests/memory/memory-integration.test.ts:109:26
            </failure>
        </testcase>
        <testcase classname="tests/memory/memory-integration.test.ts" name="Memory System Integration &gt; memory file watching recovers from errors" time="1.008987875">
            <failure message="expected &quot;spy&quot; to be called 2 times, but got 0 times" type="AssertionError">
AssertionError: expected &quot;spy&quot; to be called 2 times, but got 0 times
 ❯ tests/memory/memory-integration.test.ts:161:33
            </failure>
        </testcase>
    </testsuite>
    <testsuite name="tests/memory/memory.test.ts" timestamp="2025-07-06T18:54:21.308Z" hostname="Seths-MacBook-Pro.local" tests="14" failures="2" errors="0" skipped="0" time="0.057426125">
        <testcase classname="tests/memory/memory.test.ts" name="Memory System &gt; loadMemoryFiles &gt; loads VIBEX.md from project root" time="0.005844">
        </testcase>
        <testcase classname="tests/memory/memory.test.ts" name="Memory System &gt; loadMemoryFiles &gt; loads CLAUDE.md from project root" time="0.003157917">
        </testcase>
        <testcase classname="tests/memory/memory.test.ts" name="Memory System &gt; loadMemoryFiles &gt; loads GEMINI.md from project root" time="0.003137167">
        </testcase>
        <testcase classname="tests/memory/memory.test.ts" name="Memory System &gt; loadMemoryFiles &gt; loads multiple memory files and sorts by priority" time="0.007882916">
        </testcase>
        <testcase classname="tests/memory/memory.test.ts" name="Memory System &gt; loadMemoryFiles &gt; loads files from .vibex directory" time="0.003756875">
        </testcase>
        <testcase classname="tests/memory/memory.test.ts" name="Memory System &gt; loadMemoryFiles &gt; loads JSON files when includeJsonFiles is true" time="0.006752416">
            <failure message="expected +0 to be 1 // Object.is equality" type="AssertionError">
AssertionError: expected +0 to be 1 // Object.is equality

- Expected
+ Received

- 1
+ 0

 ❯ tests/memory/memory.test.ts:150:28
            </failure>
        </testcase>
        <testcase classname="tests/memory/memory.test.ts" name="Memory System &gt; loadMemoryFiles &gt; ignores JSON files when includeJsonFiles is false" time="0.002304083">
        </testcase>
        <testcase classname="tests/memory/memory.test.ts" name="Memory System &gt; loadMemoryFiles &gt; ignores deeper nested files when maxDepth is set" time="0.004628375">
            <failure message="expected +0 to be 1 // Object.is equality" type="AssertionError">
AssertionError: expected +0 to be 1 // Object.is equality

- Expected
+ Received

- 1
+ 0

 ❯ tests/memory/memory.test.ts:187:28
            </failure>
        </testcase>
        <testcase classname="tests/memory/memory.test.ts" name="Memory System &gt; loadMemoryFiles &gt; handles empty or non-existent directories" time="0.001868459">
        </testcase>
        <testcase classname="tests/memory/memory.test.ts" name="Memory System &gt; saveMemoryFile &gt; saves a file to the .vibex directory" time="0.001912167">
        </testcase>
        <testcase classname="tests/memory/memory.test.ts" name="Memory System &gt; saveMemoryFile &gt; creates .vibex directory if it does not exist" time="0.002099792">
        </testcase>
        <testcase classname="tests/memory/memory.test.ts" name="Memory System &gt; saveMemoryFile &gt; overwrites existing file with same name" time="0.003514334">
        </testcase>
        <testcase classname="tests/memory/memory.test.ts" name="Memory System &gt; createDefaultMemoryFile &gt; creates a default VIBEX.md file if it does not exist" time="0.00533575">
        </testcase>
        <testcase classname="tests/memory/memory.test.ts" name="Memory System &gt; createDefaultMemoryFile &gt; does not overwrite existing VIBEX.md file" time="0.002594584">
        </testcase>
    </testsuite>
    <testsuite name="tests/telemetry/telemetry.test.ts" timestamp="2025-07-06T18:54:21.309Z" hostname="Seths-MacBook-Pro.local" tests="11" failures="2" errors="0" skipped="0" time="0.015156167">
        <testcase classname="tests/telemetry/telemetry.test.ts" name="TelemetryService &gt; should initialize with default configuration" time="0.001307958">
        </testcase>
        <testcase classname="tests/telemetry/telemetry.test.ts" name="TelemetryService &gt; should track events correctly" time="0.00067725">
        </testcase>
        <testcase classname="tests/telemetry/telemetry.test.ts" name="TelemetryService &gt; should sanitize sensitive arguments" time="0.000624375">
        </testcase>
        <testcase classname="tests/telemetry/telemetry.test.ts" name="TelemetryService &gt; should add breadcrumbs correctly" time="0.000164125">
        </testcase>
        <testcase classname="tests/telemetry/telemetry.test.ts" name="TelemetryService &gt; should capture exceptions with stack trace processing" time="0.006550958">
        </testcase>
        <testcase classname="tests/telemetry/telemetry.test.ts" name="TelemetryService &gt; should track metrics correctly" time="0.000256">
        </testcase>
        <testcase classname="tests/telemetry/telemetry.test.ts" name="TelemetryService &gt; should track API calls" time="0.000219208">
        </testcase>
        <testcase classname="tests/telemetry/telemetry.test.ts" name="TelemetryService &gt; should handle disabled service" time="0.000185875">
        </testcase>
        <testcase classname="tests/telemetry/telemetry.test.ts" name="TelemetryService &gt; should manage sessions" time="0.001177666">
            <failure message="expected 1751828051408 to be greater than 1751828051408" type="AssertionError">
AssertionError: expected 1751828051408 to be greater than 1751828051408
 ❯ tests/telemetry/telemetry.test.ts:176:30
            </failure>
        </testcase>
        <testcase classname="tests/telemetry/telemetry.test.ts" name="TelemetryService &gt; should limit breadcrumbs to maxBreadcrumbs" time="0.000199334">
        </testcase>
        <testcase classname="tests/telemetry/telemetry.test.ts" name="TelemetryService &gt; should clear data correctly" time="0.003085041">
            <failure message="expected [ { category: &apos;event&apos;, …(4) }, …(1) ] to have a length of 1 but got 2" type="AssertionError">
AssertionError: expected [ { category: &apos;event&apos;, …(4) }, …(1) ] to have a length of 1 but got 2

- Expected
+ Received

- 1
+ 2

 ❯ tests/telemetry/telemetry.test.ts:206:47
            </failure>
        </testcase>
    </testsuite>
    <testsuite name="src/adapters/cli-adapter.test.ts" timestamp="2025-07-06T18:54:21.310Z" hostname="Seths-MacBook-Pro.local" tests="7" failures="1" errors="0" skipped="0" time="0.012652084">
        <testcase classname="src/adapters/cli-adapter.test.ts" name="CliAdapter &gt; initialize() &gt; should configure the service factory and create a conversation service" time="0.00237625">
        </testcase>
        <testcase classname="src/adapters/cli-adapter.test.ts" name="CliAdapter &gt; sendMessage() &gt; should send a message and return the response" time="0.001051375">
        </testcase>
        <testcase classname="src/adapters/cli-adapter.test.ts" name="CliAdapter &gt; sendMessage() &gt; should throw error if not initialized" time="0.001049875">
        </testcase>
        <testcase classname="src/adapters/cli-adapter.test.ts" name="CliAdapter &gt; sendStreamingMessage() &gt; should setup event listeners and call sendMessageStream" time="0.000771333">
        </testcase>
        <testcase classname="src/adapters/cli-adapter.test.ts" name="CliAdapter &gt; sendStreamingMessage() &gt; should handle errors during streaming" time="0.000362625">
        </testcase>
        <testcase classname="src/adapters/cli-adapter.test.ts" name="CliAdapter &gt; getConversationHistory() &gt; should return formatted conversation history" time="0.005064958">
            <failure message="expected &apos;A very long message that should be tr…&apos; to be &apos;A very long message that should be tr…&apos; // Object.is equality" type="AssertionError">
AssertionError: expected &apos;A very long message that should be tr…&apos; to be &apos;A very long message that should be tr…&apos; // Object.is equality

Expected: &quot;A very long message that should be truncated in the...&quot;
Received: &quot;A very long message that should be truncated in...&quot;

 ❯ src/adapters/cli-adapter.test.ts:281:34
            </failure>
        </testcase>
        <testcase classname="src/adapters/cli-adapter.test.ts" name="CliAdapter &gt; formatMessage() &gt; should format messages with correct prefixes" time="0.001112625">
        </testcase>
    </testsuite>
    <testsuite name="src/telemetry/telemetry.test.ts" timestamp="2025-07-06T18:54:21.310Z" hostname="Seths-MacBook-Pro.local" tests="8" failures="0" errors="0" skipped="0" time="0.030286041">
        <testcase classname="src/telemetry/telemetry.test.ts" name="TelemetryService &gt; should initialize with default config" time="0.002233">
        </testcase>
        <testcase classname="src/telemetry/telemetry.test.ts" name="TelemetryService &gt; should track events" time="0.000276917">
        </testcase>
        <testcase classname="src/telemetry/telemetry.test.ts" name="TelemetryService &gt; should add breadcrumbs" time="0.000167666">
        </testcase>
        <testcase classname="src/telemetry/telemetry.test.ts" name="TelemetryService &gt; should sanitize sensitive arguments" time="0.000394625">
        </testcase>
        <testcase classname="src/telemetry/telemetry.test.ts" name="TelemetryService &gt; should handle errors properly" time="0.014135833">
        </testcase>
        <testcase classname="src/telemetry/telemetry.test.ts" name="TelemetryService &gt; should process stack traces correctly" time="0.001246083">
        </testcase>
        <testcase classname="src/telemetry/telemetry.test.ts" name="TelemetryService &gt; should track metrics" time="0.000244375">
        </testcase>
        <testcase classname="src/telemetry/telemetry.test.ts" name="TelemetryService &gt; should clear data when requested" time="0.000346375">
        </testcase>
    </testsuite>
    <testsuite name="src/services/app-orchestration.test.ts" timestamp="2025-07-06T18:54:21.311Z" hostname="Seths-MacBook-Pro.local" tests="20" failures="1" errors="0" skipped="0" time="0.010076">
        <testcase classname="src/services/app-orchestration.test.ts" name="AppOrchestrationService &gt; initializeApp &gt; should initialize app with context successfully" time="0.001848167">
        </testcase>
        <testcase classname="src/services/app-orchestration.test.ts" name="AppOrchestrationService &gt; initializeApp &gt; should handle initialization errors" time="0.000919959">
        </testcase>
        <testcase classname="src/services/app-orchestration.test.ts" name="AppOrchestrationService &gt; processUserInput &gt; should process input with @ commands successfully" time="0.00017">
        </testcase>
        <testcase classname="src/services/app-orchestration.test.ts" name="AppOrchestrationService &gt; processUserInput &gt; should handle @ command processing errors" time="0.0001625">
        </testcase>
        <testcase classname="src/services/app-orchestration.test.ts" name="AppOrchestrationService &gt; processUserInput &gt; should throw error for empty input" time="0.000195417">
        </testcase>
        <testcase classname="src/services/app-orchestration.test.ts" name="AppOrchestrationService &gt; processUserInput &gt; should return original input when no processed query" time="0.000079834">
        </testcase>
        <testcase classname="src/services/app-orchestration.test.ts" name="AppOrchestrationService &gt; clearAppState &gt; should clear console successfully" time="0.0001985">
        </testcase>
        <testcase classname="src/services/app-orchestration.test.ts" name="AppOrchestrationService &gt; clearAppState &gt; should handle clear errors gracefully" time="0.000152125">
        </testcase>
        <testcase classname="src/services/app-orchestration.test.ts" name="AppOrchestrationService &gt; handleExit &gt; should use quit command when available" time="0.000238667">
        </testcase>
        <testcase classname="src/services/app-orchestration.test.ts" name="AppOrchestrationService &gt; handleExit &gt; should use exit command when quit not available" time="0.003586959">
            <failure message="expected &quot;spy&quot; to be called with arguments: [ &apos;exit&apos;, &apos;&apos;, &apos;&apos; ][90m

Number of calls: [1m0[22m
[39m" type="AssertionError">
AssertionError: expected &quot;spy&quot; to be called with arguments: [ &apos;exit&apos;, &apos;&apos;, &apos;&apos; ]

Number of calls: 0

 ❯ src/services/app-orchestration.test.ts:167:26
            </failure>
        </testcase>
        <testcase classname="src/services/app-orchestration.test.ts" name="AppOrchestrationService &gt; handleExit &gt; should use onExit callback when no commands available" time="0.000168167">
        </testcase>
        <testcase classname="src/services/app-orchestration.test.ts" name="AppOrchestrationService &gt; handleExit &gt; should use process.exit as fallback" time="0.000137041">
        </testcase>
        <testcase classname="src/services/app-orchestration.test.ts" name="AppOrchestrationService &gt; handleExit &gt; should handle exit errors" time="0.000170166">
        </testcase>
        <testcase classname="src/services/app-orchestration.test.ts" name="AppOrchestrationService &gt; extractUserMessages &gt; should extract user messages correctly" time="0.000198041">
        </testcase>
        <testcase classname="src/services/app-orchestration.test.ts" name="AppOrchestrationService &gt; extractUserMessages &gt; should handle empty history" time="0.000081875">
        </testcase>
        <testcase classname="src/services/app-orchestration.test.ts" name="AppOrchestrationService &gt; extractUserMessages &gt; should handle extraction errors" time="0.000586708">
        </testcase>
        <testcase classname="src/services/app-orchestration.test.ts" name="AppOrchestrationService &gt; findLastAssistantMessage &gt; should find last assistant message" time="0.000112625">
        </testcase>
        <testcase classname="src/services/app-orchestration.test.ts" name="AppOrchestrationService &gt; findLastAssistantMessage &gt; should return null when no assistant messages" time="0.000082792">
        </testcase>
        <testcase classname="src/services/app-orchestration.test.ts" name="AppOrchestrationService &gt; findLastAssistantMessage &gt; should handle empty history" time="0.000098458">
        </testcase>
        <testcase classname="src/services/app-orchestration.test.ts" name="AppOrchestrationService &gt; findLastAssistantMessage &gt; should handle search errors" time="0.000159708">
        </testcase>
    </testsuite>
    <testsuite name="src/services/clipboard-service.test.ts" timestamp="2025-07-06T18:54:21.312Z" hostname="Seths-MacBook-Pro.local" tests="9" failures="0" errors="0" skipped="0" time="0.02919325">
        <testcase classname="src/services/clipboard-service.test.ts" name="ClipboardService &gt; copyToClipboard &gt; should copy text using navigator.clipboard when available" time="0.0027375">
        </testcase>
        <testcase classname="src/services/clipboard-service.test.ts" name="ClipboardService &gt; copyToClipboard &gt; should handle navigator.clipboard errors" time="0.000389958">
        </testcase>
        <testcase classname="src/services/clipboard-service.test.ts" name="ClipboardService &gt; copyToClipboard &gt; should reject empty text" time="0.00018475">
        </testcase>
        <testcase classname="src/services/clipboard-service.test.ts" name="ClipboardService &gt; copyToClipboard &gt; should use platform-specific commands when navigator unavailable" time="0.010947666">
        </testcase>
        <testcase classname="src/services/clipboard-service.test.ts" name="ClipboardService &gt; copyToClipboard &gt; should handle unsupported platforms" time="0.001880542">
        </testcase>
        <testcase classname="src/services/clipboard-service.test.ts" name="ClipboardService &gt; readFromClipboard &gt; should read text using navigator.clipboard when available" time="0.000425458">
        </testcase>
        <testcase classname="src/services/clipboard-service.test.ts" name="ClipboardService &gt; readFromClipboard &gt; should handle navigator.clipboard read errors" time="0.000245125">
        </testcase>
        <testcase classname="src/services/clipboard-service.test.ts" name="ClipboardService &gt; readFromClipboard &gt; should use platform-specific commands when navigator unavailable" time="0.006352333">
        </testcase>
        <testcase classname="src/services/clipboard-service.test.ts" name="ClipboardService &gt; readFromClipboard &gt; should handle platform command failures" time="0.004664625">
        </testcase>
    </testsuite>
    <testsuite name="src/services/context-loading-service.test.ts" timestamp="2025-07-06T18:54:21.312Z" hostname="Seths-MacBook-Pro.local" tests="23" failures="11" errors="0" skipped="0" time="0.012315333">
        <testcase classname="src/services/context-loading-service.test.ts" name="ContextLoadingService &gt; constructor &gt; should create service with default configuration" time="0.000972708">
        </testcase>
        <testcase classname="src/services/context-loading-service.test.ts" name="ContextLoadingService &gt; constructor &gt; should merge provided configuration with defaults" time="0.000505625">
        </testcase>
        <testcase classname="src/services/context-loading-service.test.ts" name="ContextLoadingService &gt; loadGlobalContext &gt; should load global context files successfully" time="0.005385791">
            <failure message="expected [] to have a length of 2 but got +0" type="AssertionError">
AssertionError: expected [] to have a length of 2 but got +0

- Expected
+ Received

- 2
+ 0

 ❯ src/services/context-loading-service.test.ts:88:23
            </failure>
        </testcase>
        <testcase classname="src/services/context-loading-service.test.ts" name="ContextLoadingService &gt; loadGlobalContext &gt; should return empty array when global context disabled" time="0.000146208">
        </testcase>
        <testcase classname="src/services/context-loading-service.test.ts" name="ContextLoadingService &gt; loadGlobalContext &gt; should return empty array when global context directory does not exist" time="0.0001815">
        </testcase>
        <testcase classname="src/services/context-loading-service.test.ts" name="ContextLoadingService &gt; loadGlobalContext &gt; should skip missing context files gracefully" time="0.000331292">
            <failure message="expected [] to have a length of 1 but got +0" type="AssertionError">
AssertionError: expected [] to have a length of 1 but got +0

- Expected
+ Received

- 1
+ 0

 ❯ src/services/context-loading-service.test.ts:134:23
            </failure>
        </testcase>
        <testcase classname="src/services/context-loading-service.test.ts" name="ContextLoadingService &gt; loadProjectContext &gt; should load project context files successfully" time="0.000334667">
            <failure message="expected [] to have a length of 2 but got +0" type="AssertionError">
AssertionError: expected [] to have a length of 2 but got +0

- Expected
+ Received

- 2
+ 0

 ❯ src/services/context-loading-service.test.ts:158:23
            </failure>
        </testcase>
        <testcase classname="src/services/context-loading-service.test.ts" name="ContextLoadingService &gt; loadProjectContext &gt; should return empty array when project context disabled" time="0.000109333">
        </testcase>
        <testcase classname="src/services/context-loading-service.test.ts" name="ContextLoadingService &gt; loadProjectContext &gt; should return empty array when no project root found" time="0.0001395">
        </testcase>
        <testcase classname="src/services/context-loading-service.test.ts" name="ContextLoadingService &gt; loadDirectoryContext &gt; should load directory context files with decreasing priority" time="0.000382167">
            <failure message="expected 0 to be greater than 0" type="AssertionError">
AssertionError: expected 0 to be greater than 0
 ❯ src/services/context-loading-service.test.ts:203:30
            </failure>
        </testcase>
        <testcase classname="src/services/context-loading-service.test.ts" name="ContextLoadingService &gt; loadDirectoryContext &gt; should return empty array when directory context disabled" time="0.000097833">
        </testcase>
        <testcase classname="src/services/context-loading-service.test.ts" name="ContextLoadingService &gt; loadDirectoryContext &gt; should respect maxDepth configuration" time="0.000247167">
            <failure message="expected &quot;spy&quot; to be called 4 times, but got 0 times" type="AssertionError">
AssertionError: expected &quot;spy&quot; to be called 4 times, but got 0 times
 ❯ src/services/context-loading-service.test.ts:234:26
            </failure>
        </testcase>
        <testcase classname="src/services/context-loading-service.test.ts" name="ContextLoadingService &gt; validateContextFile &gt; should validate existing readable file" time="0.000362125">
            <failure message="expected false to be true // Object.is equality" type="AssertionError">
AssertionError: expected false to be true // Object.is equality

- Expected
+ Received

- true
+ false

 ❯ src/services/context-loading-service.test.ts:254:30
            </failure>
        </testcase>
        <testcase classname="src/services/context-loading-service.test.ts" name="ContextLoadingService &gt; validateContextFile &gt; should detect non-existent files" time="0.000635959">
            <failure message="expected [ Array(1) ] to include &apos;Cannot read file: File not found&apos;" type="AssertionError">
AssertionError: expected [ Array(1) ] to include &apos;Cannot read file: File not found&apos;
 ❯ src/services/context-loading-service.test.ts:265:29
            </failure>
        </testcase>
        <testcase classname="src/services/context-loading-service.test.ts" name="ContextLoadingService &gt; validateContextFile &gt; should detect directories instead of files" time="0.00026">
            <failure message="expected [ Array(1) ] to include &apos;Path is not a file&apos;" type="AssertionError">
AssertionError: expected [ Array(1) ] to include &apos;Path is not a file&apos;
 ❯ src/services/context-loading-service.test.ts:281:29
            </failure>
        </testcase>
        <testcase classname="src/services/context-loading-service.test.ts" name="ContextLoadingService &gt; validateContextFile &gt; should warn about large files" time="0.00021575">
            <failure message="expected false to be true // Object.is equality" type="AssertionError">
AssertionError: expected false to be true // Object.is equality

- Expected
+ Received

- true
+ false

 ❯ src/services/context-loading-service.test.ts:299:30
            </failure>
        </testcase>
        <testcase classname="src/services/context-loading-service.test.ts" name="ContextLoadingService &gt; validateContextFile &gt; should warn about empty files" time="0.000167166">
            <failure message="expected false to be true // Object.is equality" type="AssertionError">
AssertionError: expected false to be true // Object.is equality

- Expected
+ Received

- true
+ false

 ❯ src/services/context-loading-service.test.ts:317:30
            </failure>
        </testcase>
        <testcase classname="src/services/context-loading-service.test.ts" name="ContextLoadingService &gt; validateContextFile &gt; should warn about old files" time="0.000165459">
            <failure message="expected false to be true // Object.is equality" type="AssertionError">
AssertionError: expected false to be true // Object.is equality

- Expected
+ Received

- true
+ false

 ❯ src/services/context-loading-service.test.ts:338:30
            </failure>
        </testcase>
        <testcase classname="src/services/context-loading-service.test.ts" name="ContextLoadingService &gt; edge cases and error handling &gt; should handle file system errors gracefully" time="0.000140625">
        </testcase>
        <testcase classname="src/services/context-loading-service.test.ts" name="ContextLoadingService &gt; edge cases and error handling &gt; should handle invalid file content encoding" time="0.000112125">
        </testcase>
        <testcase classname="src/services/context-loading-service.test.ts" name="ContextLoadingService &gt; edge cases and error handling &gt; should handle stat errors gracefully" time="0.000106417">
        </testcase>
        <testcase classname="src/services/context-loading-service.test.ts" name="ContextLoadingService &gt; configuration &gt; should return current configuration" time="0.0003855">
        </testcase>
        <testcase classname="src/services/context-loading-service.test.ts" name="ContextLoadingService &gt; configuration &gt; should not mutate original configuration" time="0.000126917">
        </testcase>
    </testsuite>
    <testsuite name="src/services/conversation-service.test.ts" timestamp="2025-07-06T18:54:21.314Z" hostname="Seths-MacBook-Pro.local" tests="9" failures="2" errors="0" skipped="0" time="0.009216084">
        <testcase classname="src/services/conversation-service.test.ts" name="ConversationService &gt; createConversation() &gt; should create a new conversation without initial message" time="0.001877167">
        </testcase>
        <testcase classname="src/services/conversation-service.test.ts" name="ConversationService &gt; createConversation() &gt; should create a new conversation with initial message" time="0.000356666">
        </testcase>
        <testcase classname="src/services/conversation-service.test.ts" name="ConversationService &gt; getConversation() &gt; should retrieve a conversation by ID" time="0.000743042">
        </testcase>
        <testcase classname="src/services/conversation-service.test.ts" name="ConversationService &gt; getConversation() &gt; should return null for non-existent conversation" time="0.000291208">
        </testcase>
        <testcase classname="src/services/conversation-service.test.ts" name="ConversationService &gt; deleteConversation() &gt; should delete a conversation by ID" time="0.000321417">
        </testcase>
        <testcase classname="src/services/conversation-service.test.ts" name="ConversationService &gt; sendMessage() &gt; should add user message and generate response" time="0.000398417">
        </testcase>
        <testcase classname="src/services/conversation-service.test.ts" name="ConversationService &gt; sendMessageStream() &gt; should stream response and emit events" time="0.003555333">
            <failure message="expected &quot;spy&quot; to be called 2 times, but got 0 times" type="AssertionError">
AssertionError: expected &quot;spy&quot; to be called 2 times, but got 0 times
 ❯ src/services/conversation-service.test.ts:192:28
            </failure>
        </testcase>
        <testcase classname="src/services/conversation-service.test.ts" name="ConversationService &gt; sendMessageStream() &gt; should handle tool calls correctly" time="0.00051425">
            <failure message="expected &quot;spy&quot; to be called 1 times, but got 0 times" type="AssertionError">
AssertionError: expected &quot;spy&quot; to be called 1 times, but got 0 times
 ❯ src/services/conversation-service.test.ts:232:29
            </failure>
        </testcase>
        <testcase classname="src/services/conversation-service.test.ts" name="ConversationService &gt; sendMessageStream() &gt; should handle errors during streaming" time="0.000375125">
        </testcase>
    </testsuite>
    <testsuite name="src/services/conversation-tree-lifecycle.test.ts" timestamp="2025-07-06T18:54:21.315Z" hostname="Seths-MacBook-Pro.local" tests="20" failures="17" errors="0" skipped="0" time="0.015420458">
        <testcase classname="src/services/conversation-tree-lifecycle.test.ts" name="ConversationTreeLifecycleService &gt; initialization &gt; should create service with valid configuration" time="0.003571083">
            <failure message="service.getConfig is not a function" type="TypeError">
TypeError: service.getConfig is not a function
 ❯ src/services/conversation-tree-lifecycle.test.ts:59:22
            </failure>
        </testcase>
        <testcase classname="src/services/conversation-tree-lifecycle.test.ts" name="ConversationTreeLifecycleService &gt; initialization &gt; should throw error with invalid configuration" time="0.002006917">
            <failure message="expected [Function] to throw an error" type="AssertionError">
AssertionError: expected [Function] to throw an error
 ❯ src/services/conversation-tree-lifecycle.test.ts:64:73
            </failure>
        </testcase>
        <testcase classname="src/services/conversation-tree-lifecycle.test.ts" name="ConversationTreeLifecycleService &gt; initialization &gt; should use default configuration when none provided" time="0.000258125">
            <failure message="defaultService.getConfig is not a function" type="TypeError">
TypeError: defaultService.getConfig is not a function
 ❯ src/services/conversation-tree-lifecycle.test.ts:69:44
            </failure>
        </testcase>
        <testcase classname="src/services/conversation-tree-lifecycle.test.ts" name="ConversationTreeLifecycleService &gt; tree creation &gt; should create new conversation tree successfully" time="0.002961958">
            <failure message="expected false to be true // Object.is equality" type="AssertionError">
AssertionError: expected false to be true // Object.is equality

- Expected
+ Received

- true
+ false

 ❯ src/services/conversation-tree-lifecycle.test.ts:85:30
            </failure>
        </testcase>
        <testcase classname="src/services/conversation-tree-lifecycle.test.ts" name="ConversationTreeLifecycleService &gt; tree creation &gt; should handle tree creation errors gracefully" time="0.000472542">
            <failure message="the given combination of arguments (undefined and string) is invalid for this assertion. You can use an array, a map, an object, a set, a string, or a weakset instead of a string" type="AssertionError">
AssertionError: the given combination of arguments (undefined and string) is invalid for this assertion. You can use an array, a map, an object, a set, a string, or a weakset instead of a string
 ❯ src/services/conversation-tree-lifecycle.test.ts:102:37
            </failure>
        </testcase>
        <testcase classname="src/services/conversation-tree-lifecycle.test.ts" name="ConversationTreeLifecycleService &gt; tree creation &gt; should validate tree ID format" time="0.000193834">
            <failure message="the given combination of arguments (undefined and string) is invalid for this assertion. You can use an array, a map, an object, a set, a string, or a weakset instead of a string" type="AssertionError">
AssertionError: the given combination of arguments (undefined and string) is invalid for this assertion. You can use an array, a map, an object, a set, a string, or a weakset instead of a string
 ❯ src/services/conversation-tree-lifecycle.test.ts:109:37
            </failure>
        </testcase>
        <testcase classname="src/services/conversation-tree-lifecycle.test.ts" name="ConversationTreeLifecycleService &gt; tree loading &gt; should load existing tree successfully" time="0.000509167">
            <failure message="expected false to be true // Object.is equality" type="AssertionError">
AssertionError: expected false to be true // Object.is equality

- Expected
+ Received

- true
+ false

[...]
TypeError: result.current.handleToolUses is not a function
 ❯ src/ui/hooks/claude/__tests__/useClaudeTools.test.ts:208:42
            </failure>
        </testcase>
        <testcase classname="src/ui/hooks/claude/__tests__/useClaudeTools.test.ts" name="useClaudeTools &gt; should get available tools when real execution is enabled" time="0.000503333">
            <failure message="result.current.getAvailableTools is not a function" type="TypeError">
TypeError: result.current.getAvailableTools is not a function
 ❯ src/ui/hooks/claude/__tests__/useClaudeTools.test.ts:220:34
            </failure>
        </testcase>
        <testcase classname="src/ui/hooks/claude/__tests__/useClaudeTools.test.ts" name="useClaudeTools &gt; should return empty tools when real execution is disabled" time="0.000435292">
            <failure message="result.current.getAvailableTools is not a function" type="TypeError">
TypeError: result.current.getAvailableTools is not a function
 ❯ src/ui/hooks/claude/__tests__/useClaudeTools.test.ts:235:34
            </failure>
        </testcase>
    </testsuite>
    <testsuite name="src/ui/components/advanced-workflow-controls/__tests__/BreakpointService.test.ts" timestamp="2025-07-06T18:54:21.431Z" hostname="Seths-MacBook-Pro.local" tests="7" failures="0" errors="0" skipped="0" time="0.00401625">
        <testcase classname="src/ui/components/advanced-workflow-controls/__tests__/BreakpointService.test.ts" name="BreakpointService &gt; should create a new breakpoint" time="0.001469959">
        </testcase>
        <testcase classname="src/ui/components/advanced-workflow-controls/__tests__/BreakpointService.test.ts" name="BreakpointService &gt; should add breakpoint to collection" time="0.000965917">
        </testcase>
        <testcase classname="src/ui/components/advanced-workflow-controls/__tests__/BreakpointService.test.ts" name="BreakpointService &gt; should remove breakpoint from collection" time="0.0001855">
        </testcase>
        <testcase classname="src/ui/components/advanced-workflow-controls/__tests__/BreakpointService.test.ts" name="BreakpointService &gt; should toggle breakpoint enabled state" time="0.000146708">
        </testcase>
        <testcase classname="src/ui/components/advanced-workflow-controls/__tests__/BreakpointService.test.ts" name="BreakpointService &gt; should increment hit count" time="0.000119958">
        </testcase>
        <testcase classname="src/ui/components/advanced-workflow-controls/__tests__/BreakpointService.test.ts" name="BreakpointService &gt; should get enabled breakpoints only" time="0.000158125">
        </testcase>
        <testcase classname="src/ui/components/advanced-workflow-controls/__tests__/BreakpointService.test.ts" name="BreakpointService &gt; should clear all breakpoints" time="0.000090334">
        </testcase>
    </testsuite>
    <testsuite name="src/ui/components/tools/tests/MCPToolConfirmation.test.tsx" timestamp="2025-07-06T18:54:21.432Z" hostname="Seths-MacBook-Pro.local" tests="4" failures="4" errors="0" skipped="0" time="0.005871916">
        <testcase classname="src/ui/components/tools/tests/MCPToolConfirmation.test.tsx" name="MCPToolConfirmation &gt; renders correctly with basic props" time="0.004144875">
            <failure message="Cannot read properties of undefined (reading &apos;Warning&apos;)" type="TypeError">
TypeError: Cannot read properties of undefined (reading &apos;Warning&apos;)
 ❯ src/ui/components/tools/tests/MCPToolConfirmation.test.tsx:17:34
            </failure>
        </testcase>
        <testcase classname="src/ui/components/tools/tests/MCPToolConfirmation.test.tsx" name="MCPToolConfirmation &gt; shows tool definition details when provided" time="0.000312458">
            <failure message="Cannot read properties of undefined (reading &apos;Warning&apos;)" type="TypeError">
TypeError: Cannot read properties of undefined (reading &apos;Warning&apos;)
 ❯ src/ui/components/tools/tests/MCPToolConfirmation.test.tsx:43:34
            </failure>
        </testcase>
        <testcase classname="src/ui/components/tools/tests/MCPToolConfirmation.test.tsx" name="MCPToolConfirmation &gt; shows all option buttons" time="0.000207875">
            <failure message="Cannot read properties of undefined (reading &apos;Warning&apos;)" type="TypeError">
TypeError: Cannot read properties of undefined (reading &apos;Warning&apos;)
 ❯ src/ui/components/tools/tests/MCPToolConfirmation.test.tsx:73:34
            </failure>
        </testcase>
        <testcase classname="src/ui/components/tools/tests/MCPToolConfirmation.test.tsx" name="MCPToolConfirmation &gt; shows security notice" time="0.0002995">
            <failure message="Cannot read properties of undefined (reading &apos;Warning&apos;)" type="TypeError">
TypeError: Cannot read properties of undefined (reading &apos;Warning&apos;)
 ❯ src/ui/components/tools/tests/MCPToolConfirmation.test.tsx:95:34
            </failure>
        </testcase>
    </testsuite>
    <testsuite name="src/ui/components/tools/tests/ToolProgressFeedback.test.tsx" timestamp="2025-07-06T18:54:21.432Z" hostname="Seths-MacBook-Pro.local" tests="8" failures="8" errors="0" skipped="0" time="0.123155291">
        <testcase classname="src/ui/components/tools/tests/ToolProgressFeedback.test.tsx" name="ToolProgressFeedback &gt; renders correctly with basic progress data" time="0.034369708">
            <failure message="expected &apos;\n  ERROR  Text string &quot;Tool Executio…&apos; to contain &apos;Testing in progress&apos;" type="AssertionError">
AssertionError: expected &apos;\n  ERROR  Text string &quot;Tool Executio…&apos; to contain &apos;Testing in progress&apos;

- Expected
+ Received

- Testing in progress
+
+   ERROR  Text string &quot;Tool Execution&quot; must be rendered inside &lt;Text&gt; component
+
+  node_modules/ink/src/reconciler.ts:205:10
+
+  - createTextInstance (node_modules/ink/src/reconciler.ts:205:10)
+  - completeWork (node_modules/react-reconciler/cjs/react-reconciler.development.js:9082:42)
+  - runWithFiberInDEV (node_modules/react-reconciler/cjs/react-reconciler.development.js:1738:13)
+  - completeUnitOfWork (node_modules/react-reconciler/cjs/react-reconciler.development.js:12962:19)
+  - performUnitOfWork (node_modules/react-reconciler/cjs/react-reconciler.development.js:12843:11)
+  - workLoopSync (node_modules/react-reconciler/cjs/react-reconciler.development.js:12644:41)
+  - renderRootSync (node_modules/react-reconciler/cjs/react-reconciler.development.js:12624:11)
+  - performWorkOnRoot (node_modules/react-reconciler/cjs/react-reconciler.development.js:12135:44)
+  - performSyncWorkOnRoot (node_modules/react-reconciler/cjs/react-reconciler.development.js:2446:7)
+  -flushSyncWorkAcrossRoots_im (node_modules/react-reconciler/cjs/react-reconciler.development.js:22
+   l                          94:21)
+

 ❯ src/ui/components/tools/tests/ToolProgressFeedback.test.tsx:28:25
            </failure>
        </testcase>
        <testcase classname="src/ui/components/tools/tests/ToolProgressFeedback.test.tsx" name="ToolProgressFeedback &gt; renders correctly with tool call data" time="0.014848417">
            <failure message="expected &apos;\n  ERROR  Text string &quot;test-tool&quot; mu…&apos; to contain &apos;Executing test operation&apos;" type="AssertionError">
AssertionError: expected &apos;\n  ERROR  Text string &quot;test-tool&quot; mu…&apos; to contain &apos;Executing test operation&apos;

- Expected
+ Received

- Executing test operation
+
+   ERROR  Text string &quot;test-tool&quot; must be rendered inside &lt;Text&gt; component
+
+  node_modules/ink/src/reconciler.ts:205:10
+
+  - createTextInstance (node_modules/ink/src/reconciler.ts:205:10)
+  - completeWork (node_modules/react-reconciler/cjs/react-reconciler.development.js:9082:42)
+  - runWithFiberInDEV (node_modules/react-reconciler/cjs/react-reconciler.development.js:1738:13)
+  - completeUnitOfWork (node_modules/react-reconciler/cjs/react-reconciler.development.js:12962:19)
+  - performUnitOfWork (node_modules/react-reconciler/cjs/react-reconciler.development.js:12843:11)
+  - workLoopSync (node_modules/react-reconciler/cjs/react-reconciler.development.js:12644:41)
+  - renderRootSync (node_modules/react-reconciler/cjs/react-reconciler.development.js:12624:11)
+  - performWorkOnRoot (node_modules/react-reconciler/cjs/react-reconciler.development.js:12135:44)
+  - performSyncWorkOnRoot (node_modules/react-reconciler/cjs/react-reconciler.development.js:2446:7)
+  -flushSyncWorkAcrossRoots_im (node_modules/react-reconciler/cjs/react-reconciler.development.js:22
+   l                          94:21)
+

 ❯ src/ui/components/tools/tests/ToolProgressFeedback.test.tsx:63:25
            </failure>
        </testcase>
        <testcase classname="src/ui/components/tools/tests/ToolProgressFeedback.test.tsx" name="ToolProgressFeedback &gt; renders in compact style" time="0.016404833">
            <failure message="expected &apos;\n  ERROR  undefined is not iterable …&apos; to contain &apos;Testing in progress&apos;" type="AssertionError">
AssertionError: expected &apos;\n  ERROR  undefined is not iterable …&apos; to contain &apos;Testing in progress&apos;

- Expected
+ Received

- Testing in progress
+
+   ERROR  undefined is not iterable (cannot read property Symbol(Symbol.iterator))
+
+  src/ui/components/progress-system/ProgressSystemCore.tsx:75:43
+
+  72:   const animationService = useMemo(() =&gt; createProgressAnimationService(), []);
+  73:
+  74:   // Animation state
+  75:   const [animationState, setAnimationState] = useState&lt;ProgressAnimationState&gt;(() =&gt;
+  76:     animationService.createInitialState()
+  77:   );
+  78:
+
+  - ProgressSystemCore (src/ui/components/progress-system/ProgressSystemCore.tsx:75:43)
+  -Object.react-stack-bottom-fr (node_modules/react-reconciler/cjs/react-reconciler.development.js:1
+   me                          5859:20)
+  - renderWithHooks (node_modules/react-reconciler/cjs/react-reconciler.development.js:3221:22)
+  -updateFunctionComponent (node_modules/react-reconciler/cjs/react-reconciler.development.js:6475:1
+                          9)
+  - beginWork (node_modules/react-reconciler/cjs/react-reconciler.development.js:8009:18)
+  - runWithFiberInDEV (node_modules/react-reconciler/cjs/react-reconciler.development.js:1738:13)
+  - performUnitOfWork (node_modules/react-reconciler/cjs/react-reconciler.development.js:12834:22)
+  - workLoopSync (node_modules/react-reconciler/cjs/react-reconciler.development.js:12644:41)
+  - renderRootSync (node_modules/react-reconciler/cjs/react-reconciler.development.js:12624:11)
+  - performWorkOnRoot (node_modules/react-reconciler/cjs/react-reconciler.development.js:12135:44)
+

 ❯ src/ui/components/tools/tests/ToolProgressFeedback.test.tsx:82:25
            </failure>
        </testcase>
        <testcase classname="src/ui/components/tools/tests/ToolProgressFeedback.test.tsx" name="ToolProgressFeedback &gt; renders in mini style" time="0.023983417">
            <failure message="expected &apos;\n  ERROR  undefined is not iterable …&apos; to contain &apos;Testing in progress&apos;" type="AssertionError">
AssertionError: expected &apos;\n  ERROR  undefined is not iterable …&apos; to contain &apos;Testing in progress&apos;

- Expected
+ Received

- Testing in progress
+
+   ERROR  undefined is not iterable (cannot read property Symbol(Symbol.iterator))
+
+  src/ui/components/progress-system/ProgressSystemCore.tsx:75:43
+
+  72:   const animationService = useMemo(() =&gt; createProgressAnimationService(), []);
+  73:
+  74:   // Animation state
+  75:   const [animationState, setAnimationState] = useState&lt;ProgressAnimationState&gt;(() =&gt;
+  76:     animationService.createInitialState()
+  77:   );
+  78:
+
+  - ProgressSystemCore (src/ui/components/progress-system/ProgressSystemCore.tsx:75:43)
+  -Object.react-stack-bottom-fr (node_modules/react-reconciler/cjs/react-reconciler.development.js:1
+   me                          5859:20)
+  - renderWithHooks (node_modules/react-reconciler/cjs/react-reconciler.development.js:3221:22)
+  -updateFunctionComponent (node_modules/react-reconciler/cjs/react-reconciler.development.js:6475:1
+                          9)
+  - beginWork (node_modules/react-reconciler/cjs/react-reconciler.development.js:8009:18)
+  - runWithFiberInDEV (node_modules/react-reconciler/cjs/react-reconciler.development.js:1738:13)
+  - performUnitOfWork (node_modules/react-reconciler/cjs/react-reconciler.development.js:12834:22)
+  - workLoopSync (node_modules/react-reconciler/cjs/react-reconciler.development.js:12644:41)
+  - renderRootSync (node_modules/react-reconciler/cjs/react-reconciler.development.js:12624:11)
+  - performWorkOnRoot (node_modules/react-reconciler/cjs/react-reconciler.development.js:12135:44)
+

 ❯ src/ui/components/tools/tests/ToolProgressFeedback.test.tsx:102:25
            </failure>
        </testcase>
        <testcase classname="src/ui/components/tools/tests/ToolProgressFeedback.test.tsx" name="ToolProgressFeedback &gt; handles indeterminate progress correctly" time="0.008846333">
            <failure message="expected &apos;\n  ERROR  Text string &quot;Tool Executio…&apos; to contain &apos;Working...&apos;" type="AssertionError">
AssertionError: expected &apos;\n  ERROR  Text string &quot;Tool Executio…&apos; to contain &apos;Working...&apos;

- Expected
+ Received

- Working...
+
+   ERROR  Text string &quot;Tool Execution&quot; must be rendered inside &lt;Text&gt; component
+
+  node_modules/ink/src/reconciler.ts:205:10
+
+  - createTextInstance (node_modules/ink/src/reconciler.ts:205:10)
+  - completeWork (node_modules/react-reconciler/cjs/react-reconciler.development.js:9082:42)
+  - runWithFiberInDEV (node_modules/react-reconciler/cjs/react-reconciler.development.js:1738:13)
+  - completeUnitOfWork (node_modules/react-reconciler/cjs/react-reconciler.development.js:12962:19)
+  - performUnitOfWork (node_modules/react-reconciler/cjs/react-reconciler.development.js:12843:11)
+  - workLoopSync (node_modules/react-reconciler/cjs/react-reconciler.development.js:12644:41)
+  - renderRootSync (node_modules/react-reconciler/cjs/react-reconciler.development.js:12624:11)
+  - performWorkOnRoot (node_modules/react-reconciler/cjs/react-reconciler.development.js:12135:44)
+  - performSyncWorkOnRoot (node_modules/react-reconciler/cjs/react-reconciler.development.js:2446:7)
+  -flushSyncWorkAcrossRoots_im (node_modules/react-reconciler/cjs/react-reconciler.development.js:22
+   l                          94:21)
+

 ❯ src/ui/components/tools/tests/ToolProgressFeedback.test.tsx:121:25
            </failure>
        </testcase>
        <testcase classname="src/ui/components/tools/tests/ToolProgressFeedback.test.tsx" name="ToolProgressFeedback &gt; shows time estimates when available" time="0.00907125">
            <failure message="expected &apos;\n  ERROR  Text string &quot;Tool Executio…&apos; to contain &apos;2m remaining&apos;" type="AssertionError">
AssertionError: expected &apos;\n  ERROR  Text string &quot;Tool Executio…&apos; to contain &apos;2m remaining&apos;

- Expected
+ Received

- 2m remaining
+
+   ERROR  Text string &quot;Tool Execution&quot; must be rendered inside &lt;Text&gt; component
+
+  node_modules/ink/src/reconciler.ts:205:10
+
+  - createTextInstance (node_modules/ink/src/reconciler.ts:205:10)
+  - completeWork (node_modules/react-reconciler/cjs/react-reconciler.development.js:9082:42)
+  - runWithFiberInDEV (node_modules/react-reconciler/cjs/react-reconciler.development.js:1738:13)
+  - completeUnitOfWork (node_modules/react-reconciler/cjs/react-reconciler.development.js:12962:19)
+  - performUnitOfWork (node_modules/react-reconciler/cjs/react-reconciler.development.js:12843:11)
+  - workLoopSync (node_modules/react-reconciler/cjs/react-reconciler.development.js:12644:41)
+  - renderRootSync (node_modules/react-reconciler/cjs/react-reconciler.development.js:12624:11)
+  - performWorkOnRoot (node_modules/react-reconciler/cjs/react-reconciler.development.js:12135:44)
+  - performSyncWorkOnRoot (node_modules/react-reconciler/cjs/react-reconciler.development.js:2446:7)
+  -flushSyncWorkAcrossRoots_im (node_modules/react-reconciler/cjs/react-reconciler.development.js:22
+   l                          94:21)
+

 ❯ src/ui/components/tools/tests/ToolProgressFeedback.test.tsx:142:25
            </failure>
        </testcase>
        <testcase classname="src/ui/components/tools/tests/ToolProgressFeedback.test.tsx" name="ToolProgressFeedback &gt; shows step information when available" time="0.007286375">
            <failure message="expected &apos;\n  ERROR  Text string &quot;Tool Executio…&apos; to contain &apos;3/5&apos;" type="AssertionError">
AssertionError: expected &apos;\n  ERROR  Text string &quot;Tool Executio…&apos; to contain &apos;3/5&apos;

- Expected
+ Received

- 3/5
+
+   ERROR  Text string &quot;Tool Execution&quot; must be rendered inside &lt;Text&gt; component
+
+  node_modules/ink/src/reconciler.ts:205:10
+
+  - createTextInstance (node_modules/ink/src/reconciler.ts:205:10)
+  - completeWork (node_modules/react-reconciler/cjs/react-reconciler.development.js:9082:42)
+  - runWithFiberInDEV (node_modules/react-reconciler/cjs/react-reconciler.development.js:1738:13)
+  - completeUnitOfWork (node_modules/react-reconciler/cjs/react-reconciler.development.js:12962:19)
+  - performUnitOfWork (node_modules/react-reconciler/cjs/react-reconciler.development.js:12843:11)
+  - workLoopSync (node_modules/react-reconciler/cjs/react-reconciler.development.js:12644:41)
+  - renderRootSync (node_modules/react-reconciler/cjs/react-reconciler.development.js:12624:11)
+  - performWorkOnRoot (node_modules/react-reconciler/cjs/react-reconciler.development.js:12135:44)
+  - performSyncWorkOnRoot (node_modules/react-reconciler/cjs/react-reconciler.development.js:2446:7)
+  -flushSyncWorkAcrossRoots_im (node_modules/react-reconciler/cjs/react-reconciler.development.js:22
+   l                          94:21)
+

 ❯ src/ui/components/tools/tests/ToolProgressFeedback.test.tsx:165:25
            </failure>
        </testcase>
        <testcase classname="src/ui/components/tools/tests/ToolProgressFeedback.test.tsx" name="ToolProgressFeedback &gt; shows details when requested" time="0.007716916">
            <failure message="expected &apos;\n  ERROR  Text string &quot;Tool Executio…&apos; to contain &apos;Files processed:&apos;" type="AssertionError">
AssertionError: expected &apos;\n  ERROR  Text string &quot;Tool Executio…&apos; to contain &apos;Files processed:&apos;

- Expected
+ Received

- Files processed:
+
+   ERROR  Text string &quot;Tool Execution&quot; must be rendered inside &lt;Text&gt; component
+
+  node_modules/ink/src/reconciler.ts:205:10
+
+  - createTextInstance (node_modules/ink/src/reconciler.ts:205:10)
+  - completeWork (node_modules/react-reconciler/cjs/react-reconciler.development.js:9082:42)
+  - runWithFiberInDEV (node_modules/react-reconciler/cjs/react-reconciler.development.js:1738:13)
+  - completeUnitOfWork (node_modules/react-reconciler/cjs/react-reconciler.development.js:12962:19)
+  - performUnitOfWork (node_modules/react-reconciler/cjs/react-reconciler.development.js:12843:11)
+  - workLoopSync (node_modules/react-reconciler/cjs/react-reconciler.development.js:12644:41)
+  - renderRootSync (node_modules/react-reconciler/cjs/react-reconciler.development.js:12624:11)
+  - performWorkOnRoot (node_modules/react-reconciler/cjs/react-reconciler.development.js:12135:44)
+  - performSyncWorkOnRoot (node_modules/react-reconciler/cjs/react-reconciler.development.js:2446:7)
+  -flushSyncWorkAcrossRoots_im (node_modules/react-reconciler/cjs/react-reconciler.development.js:22
+   l                          94:21)
+

 ❯ src/ui/components/tools/tests/ToolProgressFeedback.test.tsx:189:25
            </failure>
        </testcase>
    </testsuite>
</testsuites>
